<?xml version="1.0" encoding="UTF-8"?>
<!-- Generated by org.testng.reporters.JUnitReportReporter -->
<testsuite hostname="HenF-lap" name="com.Mao.BackEndDev.StartNG" tests="1" failures="0" timestamp="30 Oct 2017 15:42:51 GMT" time="0.800" errors="0">
  <testcase name="addNewSchool" time="0.800" classname="com.Mao.BackEndDev.StartNG"/>
</testsuite> <!-- com.Mao.BackEndDev.StartNG -->
