<?xml version="1.0" encoding="UTF-8"?>
<!-- Generated by org.testng.reporters.JUnitReportReporter -->
<testsuite hostname="Hen-Windows" name="addNewEmployee.VirtualSupplierDaoImpla" tests="9" failures="0" timestamp="12 Sep 2016 19:14:31 GMT" time="0.055" errors="0">
  <testcase name="addNewVsupp1" time="0.020" classname="addNewEmployee.VirtualSupplierDaoImpla"/>
  <testcase name="addNewVsupp1" time="0.003" classname="addNewEmployee.VirtualSupplierDaoImpla"/>
  <testcase name="addNewVsupp1" time="0.004" classname="addNewEmployee.VirtualSupplierDaoImpla"/>
  <testcase name="addNewVsupp1" time="0.014" classname="addNewEmployee.VirtualSupplierDaoImpla"/>
  <testcase name="addNewVsupp1" time="0.003" classname="addNewEmployee.VirtualSupplierDaoImpla"/>
  <testcase name="addNewVsupp1" time="0.004" classname="addNewEmployee.VirtualSupplierDaoImpla"/>
  <testcase name="addNewVsupp1" time="0.002" classname="addNewEmployee.VirtualSupplierDaoImpla"/>
  <testcase name="addNewVsupp1" time="0.003" classname="addNewEmployee.VirtualSupplierDaoImpla"/>
  <testcase name="addNewVsupp1" time="0.002" classname="addNewEmployee.VirtualSupplierDaoImpla"/>
</testsuite> <!-- addNewEmployee.VirtualSupplierDaoImpla -->
