<?xml version="1.0" encoding="UTF-8"?>
<!-- Generated by org.testng.reporters.JUnitReportReporter -->
<testsuite hostname="Hen-Windows" name="StartNG" tests="1" failures="0" timestamp="15 Aug 2017 08:10:34 GMT" time="3.192" errors="0">
  <testcase name="mainng" time="3.192" classname="StartNG"/>
</testsuite> <!-- StartNG -->
