<?xml version="1.0" encoding="UTF-8"?>
<!-- Generated by org.testng.reporters.JUnitReportReporter -->
<testsuite hostname="Hen-Windows" name="addNewEmployee.abc" tests="1" failures="0" timestamp="12 Sep 2016 08:21:20 GMT" time="0.011" errors="0">
  <testcase name="addNewVsupp" time="0.011" classname="addNewEmployee.abc"/>
</testsuite> <!-- addNewEmployee.abc -->
