<?xml version="1.0" encoding="UTF-8"?>
<!-- Generated by org.testng.reporters.JUnitReportReporter -->
<testsuite hostname="HenF-lap" name="com.Mao.BackEndDev.StartNG" tests="1" failures="0" timestamp="27 Sep 2017 14:07:57 GMT" time="1.509" errors="0">
  <testcase name="saleItemstoExistCustomer" time="1.509" classname="com.Mao.BackEndDev.StartNG"/>
</testsuite> <!-- com.Mao.BackEndDev.StartNG -->
