<?xml version="1.0" encoding="UTF-8"?>
<!-- Generated by org.testng.reporters.JUnitReportReporter -->
<testsuite hostname="Hen-Windows" name="addNewEmployee.VirtualSupplierDaoImpla" tests="1" failures="0" timestamp="15 Sep 2016 14:48:26 GMT" time="6.812" errors="0">
  <testcase name="addNewVsupp2" time="6.812" classname="addNewEmployee.VirtualSupplierDaoImpla"/>
</testsuite> <!-- addNewEmployee.VirtualSupplierDaoImpla -->
