<?xml version="1.0" encoding="UTF-8"?>
<!-- Generated by org.testng.reporters.JUnitReportReporter -->
<testsuite hostname="HenF-lap" name="com.Mao.BackEndDev.StartNG" tests="1" failures="0" timestamp="7 Sep 2017 06:00:56 GMT" time="0.501" errors="0">
  <testcase name="addSizeToItem" time="0.501" classname="com.Mao.BackEndDev.StartNG"/>
</testsuite> <!-- com.Mao.BackEndDev.StartNG -->
