<?xml version="1.0" encoding="UTF-8"?>
<!-- Generated by org.testng.reporters.JUnitReportReporter -->
<testsuite hostname="Hen-Windows" name="addNewEmployee.abc" tests="1" failures="0" timestamp="6 Sep 2016 14:22:29 GMT" time="0.019" errors="0">
  <testcase name="multipleStoragePolicyUpgrade" time="0.019" classname="addNewEmployee.abc"/>
</testsuite> <!-- addNewEmployee.abc -->
